Using pre-set license
Built from '2021.1/staging' branch; Version is '2021.1.6f1 (c0fade0cc7e9) revision 12647134'; Using compiler version '192528614'; Build Type 'Release'
OS: 'Windows 10 Pro; OS build 19045.2486; Version 2009; 64bit' Language: 'ru' Physical Memory: 7805 MB
BatchMode: 1, IsHumanControllingUs: 0, StartBugReporterOnCrash: 0, Is64bit: 1, IsPro: 0

 COMMAND LINE ARGUMENTS:
C:\Program Files\Unity 2021.1.6f1\Editor\Unity.exe
-adb2
-batchMode
-noUpm
-name
AssetImportWorker3
-projectPath
G:/Учеба/C#/Unity задачи/House_unity_C
-logFile
Logs/AssetImportWorker3.log
-srvPort
49871
Successfully changed project path to: G:/Учеба/C#/Unity задачи/House_unity_C
G:/Учеба/C#/Unity задачи/House_unity_C
Using Asset Import Pipeline V2.
Refreshing native plugins compatible for Editor in 172.89 ms, found 1 plugins.
Preloading 0 native plugins for Editor in 0.00 ms.
Initialize engine version: 2021.1.6f1 (c0fade0cc7e9)
[Subsystems] Discovering subsystems at path C:/Program Files/Unity 2021.1.6f1/Editor/Data/Resources/UnitySubsystems
[Subsystems] Discovering subsystems at path G:/Учеба/C#/Unity задачи/House_unity_C/Assets
GfxDevice: creating device client; threaded=0; jobified=0
Direct3D:
    Version:  Direct3D 11.0 [level 11.0]
    Renderer: Intel(R) HD Graphics (ID=0x156)
    Vendor:   Intel
    VRAM:     128 MB
    Driver:   10.18.10.5161
Initialize mono
Mono path[0] = 'C:/Program Files/Unity 2021.1.6f1/Editor/Data/Managed'
Mono path[1] = 'C:/Program Files/Unity 2021.1.6f1/Editor/Data/MonoBleedingEdge/lib/mono/unityjit'
Mono config path = 'C:/Program Files/Unity 2021.1.6f1/Editor/Data/MonoBleedingEdge/etc'
Using monoOptions --debugger-agent=transport=dt_socket,embedding=1,server=y,suspend=n,address=127.0.0.1:56956
Begin MonoManager ReloadAssembly
Registering precompiled unity dll's ...
Register platform support module: C:/Program Files/Unity 2021.1.6f1/Editor/Data/PlaybackEngines/WindowsStandaloneSupport/UnityEditor.WindowsStandalone.Extensions.dll
Registered in 0.005742 seconds.
Native extension for WindowsStandalone target not found
Refreshing native plugins compatible for Editor in 147.59 ms, found 1 plugins.
Preloading 0 native plugins for Editor in 0.00 ms.
Mono: successfully reloaded assembly
- Completed reload, in  2.196 seconds
Platform modules already initialized, skipping
Registering precompiled user dll's ...
Registered in 0.007501 seconds.
Begin MonoManager ReloadAssembly
Native extension for WindowsStandalone target not found
Refreshing native plugins compatible for Editor in 0.83 ms, found 1 plugins.
Preloading 0 native plugins for Editor in 0.00 ms.
Mono: successfully reloaded assembly
- Completed reload, in  1.925 seconds
Platform modules already initialized, skipping
========================================================================
Worker process is ready to serve import requests
Launched and connected shader compiler UnityShaderCompiler.exe after 0.10 seconds
Refreshing native plugins compatible for Editor in 0.79 ms, found 1 plugins.
Preloading 0 native plugins for Editor in 0.00 ms.
Unloading 2676 Unused Serialized files (Serialized files now loaded: 0)
System memory in use before: 111.7 MB.
System memory in use after: 111.9 MB.

Unloading 17 unused Assets to reduce memory usage. Loaded Objects now: 3149.
Total: 4.973200 ms (FindLiveObjects: 0.385300 ms CreateObjectMapping: 0.436200 ms MarkObjects: 3.999000 ms  DeleteObjects: 0.150200 ms)

========================================================================
Received Import Request.
  path: Assets/Scripts/CameraController.cs
  artifactKey: Guid(f0017a83479d54c448a9f216f2b23780) Importer(815301076,1909f56bfc062723c751e8b465ee728b)
Start importing Assets/Scripts/CameraController.cs using Guid(f0017a83479d54c448a9f216f2b23780) Importer(815301076,1909f56bfc062723c751e8b465ee728b)  -> (artifact id: '7d0afc20cfb9e89a68b372c26daed858') in 0.094335 seconds 
========================================================================
Received Prepare
Registering precompiled user dll's ...
Registered in 0.023939 seconds.
Begin MonoManager ReloadAssembly
Native extension for WindowsStandalone target not found
Refreshing native plugins compatible for Editor in 3.80 ms, found 1 plugins.
Preloading 0 native plugins for Editor in 0.00 ms.
Mono: successfully reloaded assembly
- Completed reload, in  8.064 seconds
Platform modules already initialized, skipping
Refreshing native plugins compatible for Editor in 1.39 ms, found 1 plugins.
Preloading 0 native plugins for Editor in 0.00 ms.
Unloading 2671 Unused Serialized files (Serialized files now loaded: 0)
System memory in use before: 111.7 MB.
System memory in use after: 111.9 MB.

Unloading 12 unused Assets to reduce memory usage. Loaded Objects now: 3152.
Total: 7.630100 ms (FindLiveObjects: 0.530900 ms CreateObjectMapping: 0.385000 ms MarkObjects: 6.525200 ms  DeleteObjects: 0.184600 ms)

========================================================================
Received Prepare
Registering precompiled user dll's ...
Registered in 0.168533 seconds.
Begin MonoManager ReloadAssembly
Native extension for WindowsStandalone target not found
Refreshing native plugins compatible for Editor in 53.00 ms, found 1 plugins.
Preloading 0 native plugins for Editor in 0.00 ms.
Mono: successfully reloaded assembly
- Completed reload, in 64.548 seconds
Platform modules already initialized, skipping
Refreshing native plugins compatible for Editor in 1.14 ms, found 1 plugins.
Preloading 0 native plugins for Editor in 0.00 ms.
Unloading 2671 Unused Serialized files (Serialized files now loaded: 0)
System memory in use before: 111.7 MB.
System memory in use after: 111.9 MB.

Unloading 12 unused Assets to reduce memory usage. Loaded Objects now: 3155.
Total: 14.048500 ms (FindLiveObjects: 0.546300 ms CreateObjectMapping: 6.369600 ms MarkObjects: 6.992400 ms  DeleteObjects: 0.135300 ms)

========================================================================
Received Import Request.
  Time since last request: 1625.964638 seconds.
  path: Assets/Scripts/CameraController.cs
  artifactKey: Guid(f0017a83479d54c448a9f216f2b23780) Importer(815301076,1909f56bfc062723c751e8b465ee728b)
Start importing Assets/Scripts/CameraController.cs using Guid(f0017a83479d54c448a9f216f2b23780) Importer(815301076,1909f56bfc062723c751e8b465ee728b)  -> (artifact id: '00000000000000000000000000000000') in 0.010815 seconds  code(4) message(Build asset version error: assets/scripts/cameracontroller.cs in SourceAssetDB has modification time of '2023-08-15T18:49:45.7808456Z' while content on disk has modification time of '2023-08-15T18:55:50.3044685Z')
  ERROR: Build asset version error: assets/scripts/cameracontroller.cs in SourceAssetDB has modification time of '2023-08-15T18:49:45.7808456Z' while content on disk has modification time of '2023-08-15T18:55:50.3044685Z'
========================================================================
Received Prepare
Registering precompiled user dll's ...
Registered in 0.028056 seconds.
Begin MonoManager ReloadAssembly
Native extension for WindowsStandalone target not found
Refreshing native plugins compatible for Editor in 1.39 ms, found 1 plugins.
Preloading 0 native plugins for Editor in 0.00 ms.
Mono: successfully reloaded assembly
- Completed reload, in 51.127 seconds
Platform modules already initialized, skipping
Refreshing native plugins compatible for Editor in 0.97 ms, found 1 plugins.
Preloading 0 native plugins for Editor in 0.00 ms.
Unloading 2671 Unused Serialized files (Serialized files now loaded: 0)
System memory in use before: 111.7 MB.
System memory in use after: 111.9 MB.

Unloading 12 unused Assets to reduce memory usage. Loaded Objects now: 3158.
Total: 22.294600 ms (FindLiveObjects: 0.408800 ms CreateObjectMapping: 0.320600 ms MarkObjects: 21.440800 ms  DeleteObjects: 0.121300 ms)

========================================================================
Received Prepare
Registering precompiled user dll's ...
Registered in 0.057689 seconds.
Begin MonoManager ReloadAssembly
Native extension for WindowsStandalone target not found
Refreshing native plugins compatible for Editor in 2.09 ms, found 1 plugins.
Preloading 0 native plugins for Editor in 0.00 ms.
Mono: successfully reloaded assembly
- Completed reload, in  9.496 seconds
Platform modules already initialized, skipping
Refreshing native plugins compatible for Editor in 1.32 ms, found 1 plugins.
Preloading 0 native plugins for Editor in 0.00 ms.
Unloading 2671 Unused Serialized files (Serialized files now loaded: 0)
System memory in use before: 111.8 MB.
System memory in use after: 112.0 MB.

Unloading 12 unused Assets to reduce memory usage. Loaded Objects now: 3161.
Total: 4.448300 ms (FindLiveObjects: 0.324800 ms CreateObjectMapping: 0.231500 ms MarkObjects: 3.673500 ms  DeleteObjects: 0.213800 ms)

========================================================================
Received Import Request.
  Time since last request: 723.537904 seconds.
  path: Assets/Scripts/CameraController.cs
  artifactKey: Guid(f0017a83479d54c448a9f216f2b23780) Importer(815301076,1909f56bfc062723c751e8b465ee728b)
Start importing Assets/Scripts/CameraController.cs using Guid(f0017a83479d54c448a9f216f2b23780) Importer(815301076,1909f56bfc062723c751e8b465ee728b)  -> (artifact id: '7adfac6e832a2da76b75dd8dae8226eb') in 0.593400 seconds 
========================================================================
Received Prepare
Registering precompiled user dll's ...
Registered in 0.007732 seconds.
Begin MonoManager ReloadAssembly
Native extension for WindowsStandalone target not found
Refreshing native plugins compatible for Editor in 0.80 ms, found 1 plugins.
Preloading 0 native plugins for Editor in 0.00 ms.
Mono: successfully reloaded assembly
- Completed reload, in  1.872 seconds
Platform modules already initialized, skipping
Refreshing native plugins compatible for Editor in 1.19 ms, found 1 plugins.
Preloading 0 native plugins for Editor in 0.00 ms.
Unloading 2671 Unused Serialized files (Serialized files now loaded: 0)
System memory in use before: 111.8 MB.
System memory in use after: 112.0 MB.

Unloading 12 unused Assets to reduce memory usage. Loaded Objects now: 3164.
Total: 4.188600 ms (FindLiveObjects: 0.338900 ms CreateObjectMapping: 0.567400 ms MarkObjects: 3.177700 ms  DeleteObjects: 0.101200 ms)

========================================================================
Received Prepare
Registering precompiled user dll's ...
Registered in 0.024157 seconds.
Begin MonoManager ReloadAssembly
Native extension for WindowsStandalone target not found
Refreshing native plugins compatible for Editor in 2.51 ms, found 1 plugins.
Preloading 0 native plugins for Editor in 0.00 ms.
Mono: successfully reloaded assembly
- Completed reload, in  3.275 seconds
Platform modules already initialized, skipping
Refreshing native plugins compatible for Editor in 2.14 ms, found 1 plugins.
Preloading 0 native plugins for Editor in 0.00 ms.
Unloading 2671 Unused Serialized files (Serialized files now loaded: 0)
System memory in use before: 111.8 MB.
System memory in use after: 112.0 MB.

Unloading 12 unused Assets to reduce memory usage. Loaded Objects now: 3167.
Total: 11.733100 ms (FindLiveObjects: 0.345300 ms CreateObjectMapping: 0.427900 ms MarkObjects: 7.289000 ms  DeleteObjects: 3.666500 ms)

========================================================================
Received Prepare
Registering precompiled user dll's ...
Registered in 0.022185 seconds.
Begin MonoManager ReloadAssembly
Native extension for WindowsStandalone target not found
Refreshing native plugins compatible for Editor in 1.08 ms, found 1 plugins.
Preloading 0 native plugins for Editor in 0.00 ms.
Mono: successfully reloaded assembly
- Completed reload, in  9.869 seconds
Platform modules already initialized, skipping
Refreshing native plugins compatible for Editor in 9.76 ms, found 1 plugins.
Preloading 0 native plugins for Editor in 0.00 ms.
Unloading 2671 Unused Serialized files (Serialized files now loaded: 0)
System memory in use before: 111.8 MB.
System memory in use after: 112.0 MB.

Unloading 12 unused Assets to reduce memory usage. Loaded Objects now: 3170.
Total: 362.662700 ms (FindLiveObjects: 1.193100 ms CreateObjectMapping: 0.479200 ms MarkObjects: 360.843600 ms  DeleteObjects: 0.144000 ms)

========================================================================
Received Prepare
Registering precompiled user dll's ...
Registered in 0.019793 seconds.
Begin MonoManager ReloadAssembly
Native extension for WindowsStandalone target not found
Refreshing native plugins compatible for Editor in 7.35 ms, found 1 plugins.
Preloading 0 native plugins for Editor in 0.00 ms.
Mono: successfully reloaded assembly
- Completed reload, in  8.070 seconds
Platform modules already initialized, skipping
Refreshing native plugins compatible for Editor in 1.10 ms, found 1 plugins.
Preloading 0 native plugins for Editor in 0.00 ms.
Unloading 2671 Unused Serialized files (Serialized files now loaded: 0)
System memory in use before: 111.8 MB.
System memory in use after: 112.0 MB.

Unloading 12 unused Assets to reduce memory usage. Loaded Objects now: 3173.
Total: 12.524900 ms (FindLiveObjects: 0.398800 ms CreateObjectMapping: 0.307200 ms MarkObjects: 11.676900 ms  DeleteObjects: 0.139000 ms)

========================================================================
Received Prepare
Registering precompiled user dll's ...
Registered in 0.008703 seconds.
Begin MonoManager ReloadAssembly
Native extension for WindowsStandalone target not found
Refreshing native plugins compatible for Editor in 1.70 ms, found 1 plugins.
Preloading 0 native plugins for Editor in 0.00 ms.
Mono: successfully reloaded assembly
- Completed reload, in  5.859 seconds
Platform modules already initialized, skipping
Refreshing native plugins compatible for Editor in 0.85 ms, found 1 plugins.
Preloading 0 native plugins for Editor in 0.00 ms.
Unloading 2671 Unused Serialized files (Serialized files now loaded: 0)
System memory in use before: 111.8 MB.
System memory in use after: 112.0 MB.

Unloading 12 unused Assets to reduce memory usage. Loaded Objects now: 3176.
Total: 62.235700 ms (FindLiveObjects: 0.336400 ms CreateObjectMapping: 0.244900 ms MarkObjects: 61.518000 ms  DeleteObjects: 0.133700 ms)

========================================================================
Received Prepare
Registering precompiled user dll's ...
Registered in 0.026956 seconds.
Begin MonoManager ReloadAssembly
Native extension for WindowsStandalone target not found
Refreshing native plugins compatible for Editor in 1.66 ms, found 1 plugins.
Preloading 0 native plugins for Editor in 0.00 ms.
Mono: successfully reloaded assembly
- Completed reload, in  5.204 seconds
Platform modules already initialized, skipping
Refreshing native plugins compatible for Editor in 2.07 ms, found 1 plugins.
Preloading 0 native plugins for Editor in 0.00 ms.
Unloading 2671 Unused Serialized files (Serialized files now loaded: 0)
System memory in use before: 111.8 MB.
System memory in use after: 112.0 MB.

Unloading 12 unused Assets to reduce memory usage. Loaded Objects now: 3179.
Total: 4.395500 ms (FindLiveObjects: 0.351200 ms CreateObjectMapping: 0.234600 ms MarkObjects: 3.469500 ms  DeleteObjects: 0.336900 ms)

========================================================================
Received Prepare
Registering precompiled user dll's ...
Registered in 0.015556 seconds.
Begin MonoManager ReloadAssembly
Native extension for WindowsStandalone target not found
Refreshing native plugins compatible for Editor in 1.04 ms, found 1 plugins.
Preloading 0 native plugins for Editor in 0.00 ms.
Mono: successfully reloaded assembly
- Completed reload, in  4.447 seconds
Platform modules already initialized, skipping
Refreshing native plugins compatible for Editor in 4.09 ms, found 1 plugins.
Preloading 0 native plugins for Editor in 0.00 ms.
Unloading 2671 Unused Serialized files (Serialized files now loaded: 0)
System memory in use before: 111.8 MB.
System memory in use after: 112.0 MB.

Unloading 12 unused Assets to reduce memory usage. Loaded Objects now: 3182.
Total: 5.612800 ms (FindLiveObjects: 0.645200 ms CreateObjectMapping: 0.530600 ms MarkObjects: 4.337000 ms  DeleteObjects: 0.097100 ms)

========================================================================
Received Prepare
Refreshing native plugins compatible for Editor in 9.87 ms, found 1 plugins.
Preloading 0 native plugins for Editor in 0.00 ms.
Unloading 10 Unused Serialized files (Serialized files now loaded: 0)
System memory in use before: 59.1 MB.
System memory in use after: 59.3 MB.

Unloading 10 unused Assets to reduce memory usage. Loaded Objects now: 3182.
Total: 5.547100 ms (FindLiveObjects: 0.435700 ms CreateObjectMapping: 0.369800 ms MarkObjects: 4.629800 ms  DeleteObjects: 0.109200 ms)

========================================================================
Received Prepare
Registering precompiled user dll's ...
Registered in 0.014777 seconds.
Begin MonoManager ReloadAssembly
Native extension for WindowsStandalone target not found
Refreshing native plugins compatible for Editor in 1.35 ms, found 1 plugins.
Preloading 0 native plugins for Editor in 0.00 ms.
Mono: successfully reloaded assembly
- Completed reload, in  6.376 seconds
Platform modules already initialized, skipping
Refreshing native plugins compatible for Editor in 0.99 ms, found 1 plugins.
Preloading 0 native plugins for Editor in 0.00 ms.
Unloading 2671 Unused Serialized files (Serialized files now loaded: 0)
System memory in use before: 111.8 MB.
System memory in use after: 112.0 MB.

Unloading 12 unused Assets to reduce memory usage. Loaded Objects now: 3185.
Total: 15.080800 ms (FindLiveObjects: 1.384000 ms CreateObjectMapping: 0.523600 ms MarkObjects: 13.051400 ms  DeleteObjects: 0.117600 ms)

========================================================================
Received Prepare
Registering precompiled user dll's ...
Registered in 0.008384 seconds.
Begin MonoManager ReloadAssembly
Native extension for WindowsStandalone target not found
Refreshing native plugins compatible for Editor in 0.83 ms, found 1 plugins.
Preloading 0 native plugins for Editor in 0.00 ms.
Mono: successfully reloaded assembly
- Completed reload, in  8.491 seconds
Platform modules already initialized, skipping
Refreshing native plugins compatible for Editor in 1.01 ms, found 1 plugins.
Preloading 0 native plugins for Editor in 0.00 ms.
Unloading 2671 Unused Serialized files (Serialized files now loaded: 0)
System memory in use before: 111.8 MB.
System memory in use after: 112.0 MB.

Unloading 12 unused Assets to reduce memory usage. Loaded Objects now: 3188.
Total: 14.928900 ms (FindLiveObjects: 0.520100 ms CreateObjectMapping: 0.343800 ms MarkObjects: 13.911100 ms  DeleteObjects: 0.150000 ms)

========================================================================
Received Prepare
Registering precompiled user dll's ...
Registered in 0.023581 seconds.
Begin MonoManager ReloadAssembly
Native extension for WindowsStandalone target not found
Refreshing native plugins compatible for Editor in 1.52 ms, found 1 plugins.
Preloading 0 native plugins for Editor in 0.00 ms.
Mono: successfully reloaded assembly
- Completed reload, in  6.336 seconds
Platform modules already initialized, skipping
Refreshing native plugins compatible for Editor in 1.37 ms, found 1 plugins.
Preloading 0 native plugins for Editor in 0.00 ms.
Unloading 2671 Unused Serialized files (Serialized files now loaded: 0)
System memory in use before: 111.8 MB.
System memory in use after: 112.0 MB.

Unloading 12 unused Assets to reduce memory usage. Loaded Objects now: 3191.
Total: 10.460400 ms (FindLiveObjects: 0.359100 ms CreateObjectMapping: 0.536900 ms MarkObjects: 9.396800 ms  DeleteObjects: 0.164000 ms)

