Using pre-set license
Built from '2021.1/staging' branch; Version is '2021.1.6f1 (c0fade0cc7e9) revision 12647134'; Using compiler version '192528614'; Build Type 'Release'
OS: 'Windows 10 Pro; OS build 19045.2486; Version 2009; 64bit' Language: 'ru' Physical Memory: 7805 MB
BatchMode: 1, IsHumanControllingUs: 0, StartBugReporterOnCrash: 0, Is64bit: 1, IsPro: 0

 COMMAND LINE ARGUMENTS:
C:\Program Files\Unity 2021.1.6f1\Editor\Unity.exe
-adb2
-batchMode
-noUpm
-name
AssetImportWorker0
-projectPath
G:/Учеба/C#/Unity задачи/House_unity_C
-logFile
Logs/AssetImportWorker0.log
-srvPort
50221
Successfully changed project path to: G:/Учеба/C#/Unity задачи/House_unity_C
G:/Учеба/C#/Unity задачи/House_unity_C
Using Asset Import Pipeline V2.
Refreshing native plugins compatible for Editor in 156.11 ms, found 1 plugins.
Preloading 0 native plugins for Editor in 0.00 ms.
Initialize engine version: 2021.1.6f1 (c0fade0cc7e9)
[Subsystems] Discovering subsystems at path C:/Program Files/Unity 2021.1.6f1/Editor/Data/Resources/UnitySubsystems
[Subsystems] Discovering subsystems at path G:/Учеба/C#/Unity задачи/House_unity_C/Assets
GfxDevice: creating device client; threaded=0; jobified=0
Direct3D:
    Version:  Direct3D 11.0 [level 11.0]
    Renderer: Intel(R) HD Graphics (ID=0x156)
    Vendor:   Intel
    VRAM:     128 MB
    Driver:   10.18.10.5161
Initialize mono
Mono path[0] = 'C:/Program Files/Unity 2021.1.6f1/Editor/Data/Managed'
Mono path[1] = 'C:/Program Files/Unity 2021.1.6f1/Editor/Data/MonoBleedingEdge/lib/mono/unityjit'
Mono config path = 'C:/Program Files/Unity 2021.1.6f1/Editor/Data/MonoBleedingEdge/etc'
Using monoOptions --debugger-agent=transport=dt_socket,embedding=1,server=y,suspend=n,address=127.0.0.1:56356
Begin MonoManager ReloadAssembly
Registering precompiled unity dll's ...
Register platform support module: C:/Program Files/Unity 2021.1.6f1/Editor/Data/PlaybackEngines/WindowsStandaloneSupport/UnityEditor.WindowsStandalone.Extensions.dll
Registered in 0.005982 seconds.
Native extension for WindowsStandalone target not found
Refreshing native plugins compatible for Editor in 151.90 ms, found 1 plugins.
Preloading 0 native plugins for Editor in 0.00 ms.
Mono: successfully reloaded assembly
- Completed reload, in  2.217 seconds
Platform modules already initialized, skipping
Registering precompiled user dll's ...
Registered in 0.007399 seconds.
Begin MonoManager ReloadAssembly
Native extension for WindowsStandalone target not found
Refreshing native plugins compatible for Editor in 0.86 ms, found 1 plugins.
Preloading 0 native plugins for Editor in 0.00 ms.
Mono: successfully reloaded assembly
- Completed reload, in  2.161 seconds
Platform modules already initialized, skipping
========================================================================
Worker process is ready to serve import requests
Launched and connected shader compiler UnityShaderCompiler.exe after 0.14 seconds
Refreshing native plugins compatible for Editor in 0.76 ms, found 1 plugins.
Preloading 0 native plugins for Editor in 0.00 ms.
Unloading 2676 Unused Serialized files (Serialized files now loaded: 0)
System memory in use before: 110.9 MB.
System memory in use after: 111.1 MB.

Unloading 17 unused Assets to reduce memory usage. Loaded Objects now: 3149.
Total: 3.823000 ms (FindLiveObjects: 0.319200 ms CreateObjectMapping: 0.591500 ms MarkObjects: 2.766100 ms  DeleteObjects: 0.143300 ms)

========================================================================
Received Import Request.
  path: Assets/CameraController
  artifactKey: Guid(1d5b9702abc1bb24782a5ee46dd9e697) Importer(815301076,1909f56bfc062723c751e8b465ee728b)
Start importing Assets/CameraController using Guid(1d5b9702abc1bb24782a5ee46dd9e697) Importer(815301076,1909f56bfc062723c751e8b465ee728b)  -> (artifact id: '638486080a8bc250ee487d1caf4fe4ea') in 0.010149 seconds 
========================================================================
Received Prepare
Registering precompiled user dll's ...
Registered in 0.008293 seconds.
Begin MonoManager ReloadAssembly
Native extension for WindowsStandalone target not found
Refreshing native plugins compatible for Editor in 0.80 ms, found 1 plugins.
Preloading 0 native plugins for Editor in 0.00 ms.
Mono: successfully reloaded assembly
- Completed reload, in  2.090 seconds
Platform modules already initialized, skipping
Refreshing native plugins compatible for Editor in 0.82 ms, found 1 plugins.
Preloading 0 native plugins for Editor in 0.00 ms.
Unloading 2671 Unused Serialized files (Serialized files now loaded: 0)
System memory in use before: 110.9 MB.
System memory in use after: 111.1 MB.

Unloading 12 unused Assets to reduce memory usage. Loaded Objects now: 3152.
Total: 3.409800 ms (FindLiveObjects: 0.312700 ms CreateObjectMapping: 0.203800 ms MarkObjects: 2.777500 ms  DeleteObjects: 0.112800 ms)

========================================================================
Received Prepare
Registering precompiled user dll's ...
Registered in 0.055103 seconds.
Begin MonoManager ReloadAssembly
Native extension for WindowsStandalone target not found
Refreshing native plugins compatible for Editor in 5.91 ms, found 1 plugins.
Preloading 0 native plugins for Editor in 0.00 ms.
Mono: successfully reloaded assembly
- Completed reload, in 64.168 seconds
Platform modules already initialized, skipping
Refreshing native plugins compatible for Editor in 1.50 ms, found 1 plugins.
Preloading 0 native plugins for Editor in 0.00 ms.
Unloading 2671 Unused Serialized files (Serialized files now loaded: 0)
System memory in use before: 111.0 MB.
System memory in use after: 111.2 MB.

Unloading 12 unused Assets to reduce memory usage. Loaded Objects now: 3155.
Total: 6.673600 ms (FindLiveObjects: 0.351400 ms CreateObjectMapping: 0.265700 ms MarkObjects: 5.959600 ms  DeleteObjects: 0.093900 ms)

========================================================================
Received Prepare
Registering precompiled user dll's ...
Registered in 0.573009 seconds.
Begin MonoManager ReloadAssembly
Native extension for WindowsStandalone target not found
Refreshing native plugins compatible for Editor in 23.55 ms, found 1 plugins.
Preloading 0 native plugins for Editor in 0.00 ms.
Mono: successfully reloaded assembly
- Completed reload, in 27.135 seconds
Platform modules already initialized, skipping
Refreshing native plugins compatible for Editor in 1.09 ms, found 1 plugins.
Preloading 0 native plugins for Editor in 0.00 ms.
Unloading 2671 Unused Serialized files (Serialized files now loaded: 0)
System memory in use before: 111.0 MB.
System memory in use after: 111.2 MB.

Unloading 12 unused Assets to reduce memory usage. Loaded Objects now: 3158.
Total: 46.176700 ms (FindLiveObjects: 0.964500 ms CreateObjectMapping: 1.901900 ms MarkObjects: 43.160300 ms  DeleteObjects: 0.145400 ms)

========================================================================
Received Import Request.
  Time since last request: 2807.650341 seconds.
  path: Assets/Scripts/CameraController.cs
  artifactKey: Guid(f0017a83479d54c448a9f216f2b23780) Importer(815301076,1909f56bfc062723c751e8b465ee728b)
Start importing Assets/Scripts/CameraController.cs using Guid(f0017a83479d54c448a9f216f2b23780) Importer(815301076,1909f56bfc062723c751e8b465ee728b)  -> (artifact id: '00000000000000000000000000000000') in 0.777321 seconds  code(4) message(Build asset version error: assets/scripts/cameracontroller.cs in SourceAssetDB has modification time of '2023-07-23T21:41:46.1259248Z' while content on disk has modification time of '2023-07-23T21:48:11.622377Z')
  ERROR: Build asset version error: assets/scripts/cameracontroller.cs in SourceAssetDB has modification time of '2023-07-23T21:41:46.1259248Z' while content on disk has modification time of '2023-07-23T21:48:11.622377Z'
========================================================================
Received Import Request.
  Time since last request: 29923.953077 seconds.
  path: Assets/Scripts/CameraController.cs
  artifactKey: Guid(f0017a83479d54c448a9f216f2b23780) Importer(815301076,1909f56bfc062723c751e8b465ee728b)
Start importing Assets/Scripts/CameraController.cs using Guid(f0017a83479d54c448a9f216f2b23780) Importer(815301076,1909f56bfc062723c751e8b465ee728b)  -> (artifact id: '834c55ea7122d8754a2ad2671e399501') in 0.068063 seconds 
