Using pre-set license
Built from '2021.1/staging' branch; Version is '2021.1.6f1 (c0fade0cc7e9) revision 12647134'; Using compiler version '192528614'; Build Type 'Release'
OS: 'Windows 10 Pro; OS build 19045.2486; Version 2009; 64bit' Language: 'ru' Physical Memory: 7805 MB
BatchMode: 1, IsHumanControllingUs: 0, StartBugReporterOnCrash: 0, Is64bit: 1, IsPro: 0

 COMMAND LINE ARGUMENTS:
C:\Program Files\Unity 2021.1.6f1\Editor\Unity.exe
-adb2
-batchMode
-noUpm
-name
AssetImportWorker8
-projectPath
G:/Учеба/C#/Unity задачи/House_unity_C
-logFile
Logs/AssetImportWorker8.log
-srvPort
64137
Successfully changed project path to: G:/Учеба/C#/Unity задачи/House_unity_C
G:/Учеба/C#/Unity задачи/House_unity_C
Using Asset Import Pipeline V2.
Refreshing native plugins compatible for Editor in 366.42 ms, found 1 plugins.
Preloading 0 native plugins for Editor in 0.00 ms.
Initialize engine version: 2021.1.6f1 (c0fade0cc7e9)
[Subsystems] Discovering subsystems at path C:/Program Files/Unity 2021.1.6f1/Editor/Data/Resources/UnitySubsystems
[Subsystems] Discovering subsystems at path G:/Учеба/C#/Unity задачи/House_unity_C/Assets
GfxDevice: creating device client; threaded=0; jobified=0
Direct3D:
    Version:  Direct3D 11.0 [level 11.0]
    Renderer: Intel(R) HD Graphics (ID=0x156)
    Vendor:   Intel
    VRAM:     128 MB
    Driver:   10.18.10.5161
Initialize mono
Mono path[0] = 'C:/Program Files/Unity 2021.1.6f1/Editor/Data/Managed'
Mono path[1] = 'C:/Program Files/Unity 2021.1.6f1/Editor/Data/MonoBleedingEdge/lib/mono/unityjit'
Mono config path = 'C:/Program Files/Unity 2021.1.6f1/Editor/Data/MonoBleedingEdge/etc'
Using monoOptions --debugger-agent=transport=dt_socket,embedding=1,server=y,suspend=n,address=127.0.0.1:56940
Begin MonoManager ReloadAssembly
Registering precompiled unity dll's ...
Register platform support module: C:/Program Files/Unity 2021.1.6f1/Editor/Data/PlaybackEngines/WindowsStandaloneSupport/UnityEditor.WindowsStandalone.Extensions.dll
Registered in 0.019500 seconds.
Native extension for WindowsStandalone target not found
Refreshing native plugins compatible for Editor in 391.01 ms, found 1 plugins.
Preloading 0 native plugins for Editor in 0.00 ms.
Mono: successfully reloaded assembly
- Completed reload, in  5.591 seconds
Platform modules already initialized, skipping
Registering precompiled user dll's ...
Registered in 0.013502 seconds.
Begin MonoManager ReloadAssembly
Native extension for WindowsStandalone target not found
Refreshing native plugins compatible for Editor in 0.86 ms, found 1 plugins.
Preloading 0 native plugins for Editor in 0.00 ms.
Mono: successfully reloaded assembly
- Completed reload, in  6.351 seconds
Platform modules already initialized, skipping
========================================================================
Worker process is ready to serve import requests
Launched and connected shader compiler UnityShaderCompiler.exe after 0.30 seconds
Refreshing native plugins compatible for Editor in 0.94 ms, found 1 plugins.
Preloading 0 native plugins for Editor in 0.00 ms.
Unloading 2665 Unused Serialized files (Serialized files now loaded: 0)
System memory in use before: 98.3 MB.
System memory in use after: 98.5 MB.

Unloading 15 unused Assets to reduce memory usage. Loaded Objects now: 3117.
Total: 17.798500 ms (FindLiveObjects: 0.421900 ms CreateObjectMapping: 0.396200 ms MarkObjects: 16.346500 ms  DeleteObjects: 0.630600 ms)

========================================================================
Received Import Request.
  path: Assets/Scenes
  artifactKey: Guid(06e4370c90d08084bbf0bb8a5b51f0ae) Importer(815301076,1909f56bfc062723c751e8b465ee728b)
Start importing Assets/Scenes using Guid(06e4370c90d08084bbf0bb8a5b51f0ae) Importer(815301076,1909f56bfc062723c751e8b465ee728b)  -> (artifact id: '07e9d344066e61a4641f1f193b120e0d') in 0.037765 seconds 
========================================================================
Received Import Request.
  Time since last request: 2626.174279 seconds.
  path: Assets
  artifactKey: Guid(00000000000000001000000000000000) Importer(815301076,1909f56bfc062723c751e8b465ee728b)
Start importing Assets using Guid(00000000000000001000000000000000) Importer(815301076,1909f56bfc062723c751e8b465ee728b)  -> (artifact id: '42d402b061de3733987d63b9cc3b64de') in 0.020410 seconds 
========================================================================
Received Import Request.
  Time since last request: 15.577943 seconds.
  path: Assets/Plane
  artifactKey: Guid(d000e9c91f2db5340948ffb0b97962ed) Importer(815301076,1909f56bfc062723c751e8b465ee728b)
Start importing Assets/Plane using Guid(d000e9c91f2db5340948ffb0b97962ed) Importer(815301076,1909f56bfc062723c751e8b465ee728b)  -> (artifact id: '663bb90e03baa832df5f3cefde88a77f') in 0.012244 seconds 
========================================================================
Received Import Request.
  Time since last request: 39.163789 seconds.
  path: Assets/Plane/1.mat
  artifactKey: Guid(63bd1ac57a30f2243a4aea62427615dc) Importer(815301076,1909f56bfc062723c751e8b465ee728b)
Start importing Assets/Plane/1.mat using Guid(63bd1ac57a30f2243a4aea62427615dc) Importer(815301076,1909f56bfc062723c751e8b465ee728b)  -> (artifact id: '438f90ba959f34018d282c0c056227f7') in 0.602486 seconds 
========================================================================
Received Import Request.
  Time since last request: 13.115828 seconds.
  path: Assets/Cube
  artifactKey: Guid(8ce2ccdf733a91d428e25495fd082583) Importer(815301076,1909f56bfc062723c751e8b465ee728b)
Start importing Assets/Cube using Guid(8ce2ccdf733a91d428e25495fd082583) Importer(815301076,1909f56bfc062723c751e8b465ee728b)  -> (artifact id: '6cf8c347332e358f605e6439b4f428c1') in 0.028817 seconds 
========================================================================
Received Import Request.
  Time since last request: 6.217398 seconds.
  path: Assets/Cube/1.mat
  artifactKey: Guid(f9647bb821e13a74c8711d26bad5699f) Importer(815301076,1909f56bfc062723c751e8b465ee728b)
Start importing Assets/Cube/1.mat using Guid(f9647bb821e13a74c8711d26bad5699f) Importer(815301076,1909f56bfc062723c751e8b465ee728b)  -> (artifact id: 'ce6d066f9724d7ea7aa21dd6e6118cfe') in 0.073667 seconds 
